<?xml version="1.0" encoding="UTF-8"?>
<testsuites name="TS_AddShop" time="39" tests="1" failures="0" errors="0">
   <testsuite name="TS_AddShop" tests="1" failures="0" errors="0" time="39" timestamp="2018-10-22 00:42:05" hostname="NITISH - home" id="Test Suites/TS_AddShop">
      <properties>
         <property name="deviceName" value=""/>
         <property name="devicePlatform" value=""/>
         <property name="logFolder" value="E:\\Kula\\Project\\KulaProject\\New\\Kula\\Reports\\TS_AddShop\\20181022_004202"/>
         <property name="logFiles" value="E:\\Kula\\Project\\KulaProject\\New\\Kula\\Reports\\TS_AddShop\\20181022_004202\\execution0.log"/>
         <property name="attachments" value=""/>
         <property name="hostName" value="NITISH - home"/>
         <property name="os" value="Windows 8.1 64bit"/>
         <property name="katalonVersion" value="5.8.0.1"/>
         <property name="browser" value="Chrome 69.0.3497.100"/>
         <property name="hostAddress" value="192.168.0.103"/>
         <property name="sessionId" value="c2e624422bcc672e0e2abcc445ce7a18"/>
         <property name="seleniumVersion" value="3.7.1"/>
         <property name="proxyInformation" value="ProxyInformation{proxyOption=NO_PROXY, proxyServerType=HTTP, password=, proxyServerAddress=, proxyServerPort=0}"/>
         <property name="platform" value="Windows 8.1"/>
      </properties>
      <testcase name="Test Cases/AddShop/AddShop" classname="Test Cases/AddShop/AddShop" status="PASSED">
         <system-out><![CDATA[2018-10-22 00:42:05 - [TEST_CASE][PASSED] - Test Cases/AddShop/AddShop: Test Cases/AddShop/AddShop

2018-10-22 00:42:06 - [TEST_STEP][PASSED] - openBrowser: Browser is opened with url: ''

2018-10-22 00:42:10 - [MESSAGE][PASSED] - Browser is opened with url: ''

2018-10-22 00:42:10 - [TEST_STEP][PASSED] - navigateToUrl: Navigate to 'https://kula-9ad00.firebaseapp.com/' successfully

2018-10-22 00:42:17 - [MESSAGE][PASSED] - Navigate to 'https://kula-9ad00.firebaseapp.com/' successfully

2018-10-22 00:42:17 - [TEST_STEP][PASSED] - setText: Text 'kula4@kula.ai' is set on object 'Object Repository/Login/input_Login_exampleInputEmail1'

2018-10-22 00:42:18 - [MESSAGE][PASSED] - Text 'kula4@kula.ai' is set on object 'Object Repository/Login/input_Login_exampleInputEmail1'

2018-10-22 00:42:18 - [TEST_STEP][PASSED] - setText: Text 'kulaai' is set on object 'Object Repository/Login/input_Login_exampleInputPasswo'

2018-10-22 00:42:18 - [MESSAGE][PASSED] - Text 'kulaai' is set on object 'Object Repository/Login/input_Login_exampleInputPasswo'

2018-10-22 00:42:18 - [TEST_STEP][PASSED] - click: Object: 'Object Repository/Login/button_Login' is clicked on

2018-10-22 00:42:18 - [MESSAGE][PASSED] - Object: 'Object Repository/Login/button_Login' is clicked on

2018-10-22 00:42:18 - [TEST_STEP][PASSED] - click: Object: 'Object Repository/AddShop/ShopDetails' is clicked on

2018-10-22 00:42:23 - [MESSAGE][PASSED] - Object: 'Object Repository/AddShop/ShopDetails' is clicked on

2018-10-22 00:42:23 - [TEST_STEP][PASSED] - click: Object: 'Object Repository/AddShop/button_My Shop' is clicked on

2018-10-22 00:42:24 - [MESSAGE][PASSED] - Object: 'Object Repository/AddShop/button_My Shop' is clicked on

2018-10-22 00:42:24 - [TEST_STEP][PASSED] - delay: Delayed 5 second(s)

2018-10-22 00:42:29 - [MESSAGE][PASSED] - Delayed 5 second(s)

2018-10-22 00:42:29 - [TEST_STEP][PASSED] - click: Object: 'Object Repository/AddShop/Category' is clicked on

2018-10-22 00:42:29 - [MESSAGE][PASSED] - Object: 'Object Repository/AddShop/Category' is clicked on

2018-10-22 00:42:29 - [TEST_STEP][PASSED] - click: Object: 'Object Repository/AddShop/a_Eateries' is clicked on

2018-10-22 00:42:29 - [MESSAGE][PASSED] - Object: 'Object Repository/AddShop/a_Eateries' is clicked on

2018-10-22 00:42:29 - [TEST_STEP][PASSED] - setText: Text 'Ropar' is set on object 'Object Repository/AddShop/input_Name_form-control'

2018-10-22 00:42:30 - [MESSAGE][PASSED] - Text 'Ropar' is set on object 'Object Repository/AddShop/input_Name_form-control'

2018-10-22 00:42:30 - [TEST_STEP][PASSED] - setText: Text 'Ropar, Punjab, India' is set on object 'Object Repository/AddShop/input_Address_form-control'

2018-10-22 00:42:30 - [MESSAGE][PASSED] - Text 'Ropar, Punjab, India' is set on object 'Object Repository/AddShop/input_Address_form-control'

2018-10-22 00:42:30 - [TEST_STEP][PASSED] - delay: Delayed 5 second(s)

2018-10-22 00:42:35 - [MESSAGE][PASSED] - Delayed 5 second(s)

2018-10-22 00:42:35 - [TEST_STEP][PASSED] - click: Object: 'Object Repository/AddShop/input_Name_form-control' is clicked on

2018-10-22 00:42:35 - [MESSAGE][PASSED] - Object: 'Object Repository/AddShop/input_Name_form-control' is clicked on

2018-10-22 00:42:35 - [TEST_STEP][PASSED] - setText: Text '1234567890' is set on object 'Object Repository/AddShop/input_Phone_form-control'

2018-10-22 00:42:36 - [MESSAGE][PASSED] - Text '1234567890' is set on object 'Object Repository/AddShop/input_Phone_form-control'

2018-10-22 00:42:36 - [TEST_STEP][PASSED] - click: Object: 'Object Repository/AddShop/button_Create' is clicked on

2018-10-22 00:42:36 - [MESSAGE][PASSED] - Object: 'Object Repository/AddShop/button_Create' is clicked on

2018-10-22 00:42:36 - [TEST_STEP][PASSED] - delay: Delayed 7 second(s)

2018-10-22 00:42:43 - [MESSAGE][PASSED] - Delayed 7 second(s)]]></system-out>
         <system-err><![CDATA[]]></system-err>
      </testcase>
      <system-out><![CDATA[2018-10-22 00:42:05 - [TEST_SUITE][PASSED] - TS_AddShop: Test Cases/AddShop/AddShop]]></system-out>
      <system-err><![CDATA[]]></system-err>
   </testsuite>
</testsuites>
