<?xml version="1.0" encoding="UTF-8"?>
<testsuites name="Login" time="26" tests="1" failures="0" errors="0">
   <testsuite name="Login" tests="1" failures="0" errors="0" time="26" timestamp="2018-10-21 01:49:43" hostname="NITISH - home" id="Test Suites/Login">
      <properties>
         <property name="deviceName" value=""/>
         <property name="devicePlatform" value=""/>
         <property name="logFolder" value="E:\\Kula\\Project\\KulaProject\\New\\Kula\\Reports\\Login\\20181021_014940"/>
         <property name="logFiles" value="E:\\Kula\\Project\\KulaProject\\New\\Kula\\Reports\\Login\\20181021_014940\\execution0.log"/>
         <property name="attachments" value=""/>
         <property name="hostName" value="NITISH - home"/>
         <property name="os" value="Windows 8.1 64bit"/>
         <property name="katalonVersion" value="5.8.0.1"/>
         <property name="browser" value="Chrome 69.0.3497.100"/>
         <property name="hostAddress" value="192.168.0.103"/>
         <property name="sessionId" value="259798fe205663f609d15c9003097a20"/>
         <property name="seleniumVersion" value="3.7.1"/>
         <property name="proxyInformation" value="ProxyInformation{proxyOption=NO_PROXY, proxyServerType=HTTP, password=, proxyServerAddress=, proxyServerPort=0}"/>
         <property name="platform" value="Windows 8.1"/>
      </properties>
      <testcase name="Test Cases/Login/LoginWithValidCreds" classname="Test Cases/Login/LoginWithValidCreds" status="PASSED">
         <system-out><![CDATA[2018-10-21 01:49:44 - [TEST_CASE][PASSED] - Test Cases/Login/LoginWithValidCreds: Test Cases/Login/LoginWithValidCreds

2018-10-21 01:49:44 - [TEST_STEP][PASSED] - openBrowser: Browser is opened with url: ''

2018-10-21 01:49:49 - [MESSAGE][PASSED] - Browser is opened with url: ''

2018-10-21 01:49:49 - [TEST_STEP][PASSED] - navigateToUrl: Navigate to 'https://kula-9ad00.firebaseapp.com/' successfully

2018-10-21 01:49:58 - [MESSAGE][PASSED] - Navigate to 'https://kula-9ad00.firebaseapp.com/' successfully

2018-10-21 01:49:58 - [TEST_STEP][PASSED] - setText: Text 'kula4@kula.ai' is set on object 'Object Repository/Page_ReactJS Firebase/input_Login_exampleInputEmail1'

2018-10-21 01:50:00 - [MESSAGE][PASSED] - Text 'kula4@kula.ai' is set on object 'Object Repository/Page_ReactJS Firebase/input_Login_exampleInputEmail1'

2018-10-21 01:50:00 - [TEST_STEP][PASSED] - setText: Text 'kulaai' is set on object 'Object Repository/Page_ReactJS Firebase/input_Login_exampleInputPasswo'

2018-10-21 01:50:01 - [MESSAGE][PASSED] - Text 'kulaai' is set on object 'Object Repository/Page_ReactJS Firebase/input_Login_exampleInputPasswo'

2018-10-21 01:50:01 - [TEST_STEP][PASSED] - click: Object: 'Object Repository/Page_ReactJS Firebase/button_Login' is clicked on

2018-10-21 01:50:02 - [MESSAGE][PASSED] - Object: 'Object Repository/Page_ReactJS Firebase/button_Login' is clicked on

2018-10-21 01:50:02 - [TEST_STEP][PASSED] - verifyElementVisible: Object 'Object Repository/Page_ReactJS Firebase/span_Shop Details' is visible

2018-10-21 01:50:08 - [MESSAGE][PASSED] - Object 'Object Repository/Page_ReactJS Firebase/span_Shop Details' is visible

2018-10-21 01:50:08 - [TEST_STEP][PASSED] - closeBrowser: Browser is closed

2018-10-21 01:50:10 - [MESSAGE][PASSED] - Browser is closed]]></system-out>
         <system-err><![CDATA[]]></system-err>
      </testcase>
      <system-out><![CDATA[2018-10-21 01:49:43 - [TEST_SUITE][PASSED] - Login: Test Cases/Login/LoginWithValidCreds]]></system-out>
      <system-err><![CDATA[]]></system-err>
   </testsuite>
</testsuites>
