<?xml version="1.0" encoding="UTF-8"?>
<testsuites name="AddShop" time="36" tests="1" failures="0" errors="0">
   <testsuite name="AddShop" tests="1" failures="0" errors="0" time="36" timestamp="2018-10-22 00:12:09" hostname="NITISH - home" id="Test Suites/AddShop">
      <properties>
         <property name="deviceName" value=""/>
         <property name="devicePlatform" value=""/>
         <property name="logFolder" value="E:\\Kula\\Project\\KulaProject\\New\\Kula\\Reports\\AddShop\\20181022_001207"/>
         <property name="logFiles" value="E:\\Kula\\Project\\KulaProject\\New\\Kula\\Reports\\AddShop\\20181022_001207\\execution0.log"/>
         <property name="attachments" value=""/>
         <property name="hostName" value="NITISH - home"/>
         <property name="os" value="Windows 8.1 64bit"/>
         <property name="katalonVersion" value="5.8.0.1"/>
         <property name="browser" value="Chrome 69.0.3497.100"/>
         <property name="hostAddress" value="192.168.0.103"/>
         <property name="sessionId" value="14373e59856d80c1ee163948970b545e"/>
         <property name="seleniumVersion" value="3.7.1"/>
         <property name="proxyInformation" value="ProxyInformation{proxyOption=NO_PROXY, proxyServerType=HTTP, password=, proxyServerAddress=, proxyServerPort=0}"/>
         <property name="platform" value="Windows 8.1"/>
      </properties>
      <testcase name="Test Cases/AddShop/AddShop" classname="Test Cases/AddShop/AddShop" status="PASSED">
         <system-out><![CDATA[2018-10-22 00:12:10 - [TEST_CASE][PASSED] - Test Cases/AddShop/AddShop: Test Cases/AddShop/AddShop

2018-10-22 00:12:11 - [TEST_STEP][PASSED] - openBrowser: Browser is opened with url: ''

2018-10-22 00:12:15 - [MESSAGE][PASSED] - Browser is opened with url: ''

2018-10-22 00:12:15 - [TEST_STEP][PASSED] - navigateToUrl: Navigate to 'https://kula-9ad00.firebaseapp.com/' successfully

2018-10-22 00:12:21 - [MESSAGE][PASSED] - Navigate to 'https://kula-9ad00.firebaseapp.com/' successfully

2018-10-22 00:12:21 - [TEST_STEP][PASSED] - setText: Text 'kula4@kula.ai' is set on object 'Object Repository/Login/input_Login_exampleInputEmail1'

2018-10-22 00:12:22 - [MESSAGE][PASSED] - Text 'kula4@kula.ai' is set on object 'Object Repository/Login/input_Login_exampleInputEmail1'

2018-10-22 00:12:22 - [TEST_STEP][PASSED] - setText: Text 'kulaai' is set on object 'Object Repository/Login/input_Login_exampleInputPasswo'

2018-10-22 00:12:22 - [MESSAGE][PASSED] - Text 'kulaai' is set on object 'Object Repository/Login/input_Login_exampleInputPasswo'

2018-10-22 00:12:22 - [TEST_STEP][PASSED] - click: Object: 'Object Repository/Login/button_Login' is clicked on

2018-10-22 00:12:22 - [MESSAGE][PASSED] - Object: 'Object Repository/Login/button_Login' is clicked on

2018-10-22 00:12:22 - [TEST_STEP][PASSED] - click: Object: 'Object Repository/AddShop/ShopDetails' is clicked on

2018-10-22 00:12:28 - [MESSAGE][PASSED] - Object: 'Object Repository/AddShop/ShopDetails' is clicked on

2018-10-22 00:12:28 - [TEST_STEP][PASSED] - click: Object: 'Object Repository/AddShop/button_My Shop' is clicked on

2018-10-22 00:12:29 - [MESSAGE][PASSED] - Object: 'Object Repository/AddShop/button_My Shop' is clicked on

2018-10-22 00:12:29 - [TEST_STEP][PASSED] - click: Object: 'Object Repository/AddShop/Category' is clicked on

2018-10-22 00:12:29 - [MESSAGE][PASSED] - Object: 'Object Repository/AddShop/Category' is clicked on

2018-10-22 00:12:29 - [TEST_STEP][PASSED] - click: Object: 'Object Repository/AddShop/a_Eateries' is clicked on

2018-10-22 00:12:30 - [MESSAGE][PASSED] - Object: 'Object Repository/AddShop/a_Eateries' is clicked on

2018-10-22 00:12:30 - [TEST_STEP][PASSED] - setText: Text 'Ropar' is set on object 'Object Repository/AddShop/input_Name_form-control'

2018-10-22 00:12:30 - [MESSAGE][PASSED] - Text 'Ropar' is set on object 'Object Repository/AddShop/input_Name_form-control'

2018-10-22 00:12:30 - [TEST_STEP][PASSED] - setText: Text 'Ropar, Punjab, India' is set on object 'Object Repository/AddShop/input_Address_form-control'

2018-10-22 00:12:31 - [MESSAGE][PASSED] - Text 'Ropar, Punjab, India' is set on object 'Object Repository/AddShop/input_Address_form-control'

2018-10-22 00:12:31 - [TEST_STEP][PASSED] - delay: Delayed 5 second(s)

2018-10-22 00:12:36 - [MESSAGE][PASSED] - Delayed 5 second(s)

2018-10-22 00:12:36 - [TEST_STEP][PASSED] - click: Object: 'Object Repository/AddShop/input_Name_form-control' is clicked on

2018-10-22 00:12:36 - [MESSAGE][PASSED] - Object: 'Object Repository/AddShop/input_Name_form-control' is clicked on

2018-10-22 00:12:36 - [TEST_STEP][PASSED] - setText: Text '1234567890' is set on object 'Object Repository/AddShop/input_Phone_form-control'

2018-10-22 00:12:37 - [MESSAGE][PASSED] - Text '1234567890' is set on object 'Object Repository/AddShop/input_Phone_form-control'

2018-10-22 00:12:37 - [TEST_STEP][PASSED] - click: Object: 'Object Repository/AddShop/button_Create' is clicked on

2018-10-22 00:12:37 - [MESSAGE][PASSED] - Object: 'Object Repository/AddShop/button_Create' is clicked on

2018-10-22 00:12:37 - [TEST_STEP][PASSED] - delay: Delayed 7 second(s)

2018-10-22 00:12:44 - [MESSAGE][PASSED] - Delayed 7 second(s)]]></system-out>
         <system-err><![CDATA[]]></system-err>
      </testcase>
      <system-out><![CDATA[2018-10-22 00:12:09 - [TEST_SUITE][PASSED] - AddShop: Test Cases/AddShop/AddShop]]></system-out>
      <system-err><![CDATA[]]></system-err>
   </testsuite>
</testsuites>
